#
# There is insufficient memory for the Java Runtime Environment to continue.
# Native memory allocation (malloc) failed to allocate 268435456 bytes for committing reserved memory.
# Possible reasons:
#   The system is out of physical RAM or swap space
#   In 32 bit mode, the process size limit was hit
# Possible solutions:
#   Reduce memory load on the system
#   Increase physical memory or swap space
#   Check if swap backing store is full
#   Use 64 bit Java on a 64 bit OS
#   Decrease Java heap size (-Xmx/-Xms)
#   Decrease number of Java threads
#   Decrease Java thread stack sizes (-Xss)
#   Set larger code cache with -XX:ReservedCodeCacheSize=
# This output file may be truncated or incomplete.
#
#  Out of Memory Error (os_linux.cpp:2809), pid=3912, tid=140647324157696
#
# JRE version:  (7.0_79-b14) (build )
# Java VM: OpenJDK 64-Bit Server VM (24.79-b02 mixed mode linux-amd64 compressed oops)
# Derivative: IcedTea 2.5.6
# Distribution: Ubuntu 14.04 LTS, package 7u79-2.5.6-0ubuntu1.14.04.1
# Failed to write core dump. Core dumps have been disabled. To enable core dumping, try "ulimit -c unlimited" before starting Java again
#

---------------  T H R E A D  ---------------

Current thread (0x00007feaf800a800):  JavaThread "Unknown thread" [_thread_in_vm, id=3914, stack(0x00007feb01bb8000,0x00007feb01cb9000)]

Stack: [0x00007feb01bb8000,0x00007feb01cb9000],  sp=0x00007feb01cb74b0,  free space=1021k
Native frames: (J=compiled Java code, j=interpreted, Vv=VM code, C=native code)
V  [libjvm.so+0x94afd5]  VMError::report_and_die()+0x175
V  [libjvm.so+0x48b9f4]  report_vm_out_of_memory(char const*, int, unsigned long, char const*)+0x74
V  [libjvm.so+0x7c809b]  os::pd_commit_memory(char*, unsigned long, unsigned long, bool)+0xeb
V  [libjvm.so+0x7c2b3f]  os::commit_memory(char*, unsigned long, unsigned long, bool)+0x1f
V  [libjvm.so+0x83503b]  PSVirtualSpace::expand_by(unsigned long)+0x5b
V  [libjvm.so+0x835dab]  PSYoungGen::initialize_virtual_space(ReservedSpace, unsigned long)+0xbb
V  [libjvm.so+0x836480]  PSYoungGen::initialize(ReservedSpace, unsigned long)+0x50
V  [libjvm.so+0x2a5792]  AdjoiningGenerations::AdjoiningGenerations(ReservedSpace, unsigned long, unsigned long, unsigned long, unsigned long, unsigned long, unsigned long, unsigned long)+0x342
V  [libjvm.so+0x7e8590]  ParallelScavengeHeap::initialize()+0x5b0
V  [libjvm.so+0x91ba47]  Universe::initialize_heap()+0xc7
V  [libjvm.so+0x91bd77]  universe_init()+0x67
V  [libjvm.so+0x59d2d5]  init_globals()+0x55
V  [libjvm.so+0x8fe75f]  Threads::create_vm(JavaVMInitArgs*, bool*)+0x35f
V  [libjvm.so+0x608654]  JNI_CreateJavaVM+0x54
C  [libjli.so+0x2b48]


---------------  P R O C E S S  ---------------

Java Threads: ( => current thread )

Other Threads:

=>0x00007feaf800a800 (exited) JavaThread "Unknown thread" [_thread_in_vm, id=3914, stack(0x00007feb01bb8000,0x00007feb01cb9000)]

VM state:not at safepoint (not fully initialized)

VM Mutex/Monitor currently owned by a thread: None

GC Heap History (0 events):
No events

Deoptimization events (0 events):
No events

Internal exceptions (0 events):
No events

Events (0 events):
No events


Dynamic libraries:
00400000-00401000 r-xp 00000000 08:06 3540811                            /usr/lib/jvm/java-7-openjdk-amd64/jre/bin/java
00600000-00601000 r--p 00000000 08:06 3540811                            /usr/lib/jvm/java-7-openjdk-amd64/jre/bin/java
00601000-00602000 rw-p 00001000 08:06 3540811                            /usr/lib/jvm/java-7-openjdk-amd64/jre/bin/java
012d5000-012f6000 rw-p 00000000 00:00 0                                  [heap]
c0000000-f0000000 rw-p 00000000 00:00 0 
7feaf5000000-7feaf5270000 rwxp 00000000 00:00 0 
7feaf5270000-7feaf8023000 rw-p 00000000 00:00 0 
7feaf8023000-7feafc000000 ---p 00000000 00:00 0 
7feafe3be000-7feafe5f8000 rw-p 00000000 00:00 0 
7feafe5f8000-7feafe7f8000 rw-p 00000000 00:00 0 
7feafe7f8000-7feafe7f9000 rw-p 00000000 00:00 0 
7feafe7f9000-7feafe801000 r-xp 00000000 08:06 3540710                    /usr/lib/jvm/java-7-openjdk-amd64/jre/lib/amd64/libzip.so
7feafe801000-7feafea00000 ---p 00008000 08:06 3540710                    /usr/lib/jvm/java-7-openjdk-amd64/jre/lib/amd64/libzip.so
7feafea00000-7feafea01000 r--p 00007000 08:06 3540710                    /usr/lib/jvm/java-7-openjdk-amd64/jre/lib/amd64/libzip.so
7feafea01000-7feafea02000 rw-p 00008000 08:06 3540710                    /usr/lib/jvm/java-7-openjdk-amd64/jre/lib/amd64/libzip.so
7feafea02000-7feafea0d000 r-xp 00000000 08:06 1708399                    /lib/x86_64-linux-gnu/libnss_files-2.19.so
7feafea0d000-7feafec0c000 ---p 0000b000 08:06 1708399                    /lib/x86_64-linux-gnu/libnss_files-2.19.so
7feafec0c000-7feafec0d000 r--p 0000a000 08:06 1708399                    /lib/x86_64-linux-gnu/libnss_files-2.19.so
7feafec0d000-7feafec0e000 rw-p 0000b000 08:06 1708399                    /lib/x86_64-linux-gnu/libnss_files-2.19.so
7feafec0e000-7feafec19000 r-xp 00000000 08:06 1708409                    /lib/x86_64-linux-gnu/libnss_nis-2.19.so
7feafec19000-7feafee18000 ---p 0000b000 08:06 1708409                    /lib/x86_64-linux-gnu/libnss_nis-2.19.so
7feafee18000-7feafee19000 r--p 0000a000 08:06 1708409                    /lib/x86_64-linux-gnu/libnss_nis-2.19.so
7feafee19000-7feafee1a000 rw-p 0000b000 08:06 1708409                    /lib/x86_64-linux-gnu/libnss_nis-2.19.so
7feafee1a000-7feafee31000 r-xp 00000000 08:06 1708393                    /lib/x86_64-linux-gnu/libnsl-2.19.so
7feafee31000-7feaff030000 ---p 00017000 08:06 1708393                    /lib/x86_64-linux-gnu/libnsl-2.19.so
7feaff030000-7feaff031000 r--p 00016000 08:06 1708393                    /lib/x86_64-linux-gnu/libnsl-2.19.so
7feaff031000-7feaff032000 rw-p 00017000 08:06 1708393                    /lib/x86_64-linux-gnu/libnsl-2.19.so
7feaff032000-7feaff034000 rw-p 00000000 00:00 0 
7feaff034000-7feaff03d000 r-xp 00000000 08:06 1708395                    /lib/x86_64-linux-gnu/libnss_compat-2.19.so
7feaff03d000-7feaff23c000 ---p 00009000 08:06 1708395                    /lib/x86_64-linux-gnu/libnss_compat-2.19.so
7feaff23c000-7feaff23d000 r--p 00008000 08:06 1708395                    /lib/x86_64-linux-gnu/libnss_compat-2.19.so
7feaff23d000-7feaff23e000 rw-p 00009000 08:06 1708395                    /lib/x86_64-linux-gnu/libnss_compat-2.19.so
7feaff23e000-7feaff269000 r-xp 00000000 08:06 3540769                    /usr/lib/jvm/java-7-openjdk-amd64/jre/lib/amd64/libjava.so
7feaff269000-7feaff468000 ---p 0002b000 08:06 3540769                    /usr/lib/jvm/java-7-openjdk-amd64/jre/lib/amd64/libjava.so
7feaff468000-7feaff469000 r--p 0002a000 08:06 3540769                    /usr/lib/jvm/java-7-openjdk-amd64/jre/lib/amd64/libjava.so
7feaff469000-7feaff46b000 rw-p 0002b000 08:06 3540769                    /usr/lib/jvm/java-7-openjdk-amd64/jre/lib/amd64/libjava.so
7feaff46b000-7feaff47b000 r-xp 00000000 08:06 3540750                    /usr/lib/jvm/java-7-openjdk-amd64/jre/lib/amd64/libverify.so
7feaff47b000-7feaff67a000 ---p 00010000 08:06 3540750                    /usr/lib/jvm/java-7-openjdk-amd64/jre/lib/amd64/libverify.so
7feaff67a000-7feaff67c000 r--p 0000f000 08:06 3540750                    /usr/lib/jvm/java-7-openjdk-amd64/jre/lib/amd64/libverify.so
7feaff67c000-7feaff67d000 rw-p 00011000 08:06 3540750                    /usr/lib/jvm/java-7-openjdk-amd64/jre/lib/amd64/libverify.so
7feaff67d000-7feaff684000 r-xp 00000000 08:06 1708452                    /lib/x86_64-linux-gnu/librt-2.19.so
7feaff684000-7feaff883000 ---p 00007000 08:06 1708452                    /lib/x86_64-linux-gnu/librt-2.19.so
7feaff883000-7feaff884000 r--p 00006000 08:06 1708452                    /lib/x86_64-linux-gnu/librt-2.19.so
7feaff884000-7feaff885000 rw-p 00007000 08:06 1708452                    /lib/x86_64-linux-gnu/librt-2.19.so
7feaff885000-7feaff89b000 r-xp 00000000 08:06 1708351                    /lib/x86_64-linux-gnu/libgcc_s.so.1
7feaff89b000-7feaffa9a000 ---p 00016000 08:06 1708351                    /lib/x86_64-linux-gnu/libgcc_s.so.1
7feaffa9a000-7feaffa9b000 rw-p 00015000 08:06 1708351                    /lib/x86_64-linux-gnu/libgcc_s.so.1
7feaffa9b000-7feaffba0000 r-xp 00000000 08:06 1708374                    /lib/x86_64-linux-gnu/libm-2.19.so
7feaffba0000-7feaffd9f000 ---p 00105000 08:06 1708374                    /lib/x86_64-linux-gnu/libm-2.19.so
7feaffd9f000-7feaffda0000 r--p 00104000 08:06 1708374                    /lib/x86_64-linux-gnu/libm-2.19.so
7feaffda0000-7feaffda1000 rw-p 00105000 08:06 1708374                    /lib/x86_64-linux-gnu/libm-2.19.so
7feaffda1000-7feaffe87000 r-xp 00000000 08:06 3548440                    /usr/lib/x86_64-linux-gnu/libstdc++.so.6.0.19
7feaffe87000-7feb00086000 ---p 000e6000 08:06 3548440                    /usr/lib/x86_64-linux-gnu/libstdc++.so.6.0.19
7feb00086000-7feb0008e000 r--p 000e5000 08:06 3548440                    /usr/lib/x86_64-linux-gnu/libstdc++.so.6.0.19
7feb0008e000-7feb00090000 rw-p 000ed000 08:06 3548440                    /usr/lib/x86_64-linux-gnu/libstdc++.so.6.0.19
7feb00090000-7feb000a5000 rw-p 00000000 00:00 0 
7feb000a5000-7feb00bbe000 r-xp 00000000 08:06 3540738                    /usr/lib/jvm/java-7-openjdk-amd64/jre/lib/amd64/server/libjvm.so
7feb00bbe000-7feb00dbe000 ---p 00b19000 08:06 3540738                    /usr/lib/jvm/java-7-openjdk-amd64/jre/lib/amd64/server/libjvm.so
7feb00dbe000-7feb00e58000 r--p 00b19000 08:06 3540738                    /usr/lib/jvm/java-7-openjdk-amd64/jre/lib/amd64/server/libjvm.so
7feb00e58000-7feb00e7b000 rw-p 00bb3000 08:06 3540738                    /usr/lib/jvm/java-7-openjdk-amd64/jre/lib/amd64/server/libjvm.so
7feb00e7b000-7feb00ea9000 rw-p 00000000 00:00 0 
7feb00ea9000-7feb00ec1000 r-xp 00000000 08:06 1708487                    /lib/x86_64-linux-gnu/libz.so.1.2.8
7feb00ec1000-7feb010c0000 ---p 00018000 08:06 1708487                    /lib/x86_64-linux-gnu/libz.so.1.2.8
7feb010c0000-7feb010c1000 r--p 00017000 08:06 1708487                    /lib/x86_64-linux-gnu/libz.so.1.2.8
7feb010c1000-7feb010c2000 rw-p 00018000 08:06 1708487                    /lib/x86_64-linux-gnu/libz.so.1.2.8
7feb010c2000-7feb010db000 r-xp 00000000 08:06 1708444                    /lib/x86_64-linux-gnu/libpthread-2.19.so
7feb010db000-7feb012da000 ---p 00019000 08:06 1708444                    /lib/x86_64-linux-gnu/libpthread-2.19.so
7feb012da000-7feb012db000 r--p 00018000 08:06 1708444                    /lib/x86_64-linux-gnu/libpthread-2.19.so
7feb012db000-7feb012dc000 rw-p 00019000 08:06 1708444                    /lib/x86_64-linux-gnu/libpthread-2.19.so
7feb012dc000-7feb012e0000 rw-p 00000000 00:00 0 
7feb012e0000-7feb012e3000 r-xp 00000000 08:06 1708341                    /lib/x86_64-linux-gnu/libdl-2.19.so
7feb012e3000-7feb014e2000 ---p 00003000 08:06 1708341                    /lib/x86_64-linux-gnu/libdl-2.19.so
7feb014e2000-7feb014e3000 r--p 00002000 08:06 1708341                    /lib/x86_64-linux-gnu/libdl-2.19.so
7feb014e3000-7feb014e4000 rw-p 00003000 08:06 1708341                    /lib/x86_64-linux-gnu/libdl-2.19.so
7feb014e4000-7feb0169f000 r-xp 00000000 08:06 1708324                    /lib/x86_64-linux-gnu/libc-2.19.so
7feb0169f000-7feb0189e000 ---p 001bb000 08:06 1708324                    /lib/x86_64-linux-gnu/libc-2.19.so
7feb0189e000-7feb018a2000 r--p 001ba000 08:06 1708324                    /lib/x86_64-linux-gnu/libc-2.19.so
7feb018a2000-7feb018a4000 rw-p 001be000 08:06 1708324                    /lib/x86_64-linux-gnu/libc-2.19.so
7feb018a4000-7feb018a9000 rw-p 00000000 00:00 0 
7feb018a9000-7feb018b6000 r-xp 00000000 08:06 3540713                    /usr/lib/jvm/java-7-openjdk-amd64/jre/lib/amd64/jli/libjli.so
7feb018b6000-7feb01ab5000 ---p 0000d000 08:06 3540713                    /usr/lib/jvm/java-7-openjdk-amd64/jre/lib/amd64/jli/libjli.so
7feb01ab5000-7feb01ab6000 r--p 0000c000 08:06 3540713                    /usr/lib/jvm/java-7-openjdk-amd64/jre/lib/amd64/jli/libjli.so
7feb01ab6000-7feb01ab7000 rw-p 0000d000 08:06 3540713                    /usr/lib/jvm/java-7-openjdk-amd64/jre/lib/amd64/jli/libjli.so
7feb01ab7000-7feb01ada000 r-xp 00000000 08:06 1708300                    /lib/x86_64-linux-gnu/ld-2.19.so
7feb01af8000-7feb01b02000 rw-p 00000000 00:00 0 
7feb01b02000-7feb01bb8000 rw-p 00000000 00:00 0 
7feb01bb8000-7feb01bbb000 ---p 00000000 00:00 0 
7feb01bbb000-7feb01cbe000 rw-p 00000000 00:00 0                          [stack:3914]
7feb01ccb000-7feb01ccd000 rw-p 00000000 00:00 0 
7feb01ccd000-7feb01cd5000 rw-s 00000000 08:06 3409595                    /tmp/hsperfdata_japrietov/3912
7feb01cd5000-7feb01cd6000 rw-p 00000000 00:00 0 
7feb01cd6000-7feb01cd7000 r--p 00000000 00:00 0 
7feb01cd7000-7feb01cd9000 rw-p 00000000 00:00 0 
7feb01cd9000-7feb01cda000 r--p 00022000 08:06 1708300                    /lib/x86_64-linux-gnu/ld-2.19.so
7feb01cda000-7feb01cdb000 rw-p 00023000 08:06 1708300                    /lib/x86_64-linux-gnu/ld-2.19.so
7feb01cdb000-7feb01cdc000 rw-p 00000000 00:00 0 
7ffc34a2f000-7ffc34a51000 rw-p 00000000 00:00 0                          [stack]
7ffc34a57000-7ffc34a59000 r--p 00000000 00:00 0                          [vvar]
7ffc34a59000-7ffc34a5b000 r-xp 00000000 00:00 0                          [vdso]
ffffffffff600000-ffffffffff601000 r-xp 00000000 00:00 0                  [vsyscall]

VM Arguments:
jvm_args: -Dgrails.home=/home/japrietov/Universidad/Ingesoft II/grails-2.4.0 -Dbase.dir=/home/japrietov/Universidad/Ingesoft II/Projects/qweqq -Dtools.jar=/usr/lib/jvm/java-7-openjdk-amd64/lib/tools.jar -Dgroovy.starter.conf=/home/japrietov/Universidad/Ingesoft II/grails-2.4.0/conf/groovy-starter.conf -Xmx768M -Xms768M -XX:MaxPermSize=256m -XX:PermSize=256m -Dfile.encoding=UTF-8 
java_command: org.codehaus.groovy.grails.cli.support.GrailsStarter --main org.codehaus.groovy.grails.cli.GrailsScriptRunner --conf /home/japrietov/Universidad/Ingesoft II/grails-2.4.0/conf/groovy-starter.conf create-domain-class CLASSES.groovy -plain-output
Launcher Type: SUN_STANDARD

Environment Variables:
JAVA_HOME=/usr/lib/jvm/java-7-openjdk-amd64
PATH=/home/japrietov/.sdkman/vertx/current/bin:/home/japrietov/.sdkman/springboot/current/bin:/home/japrietov/.sdkman/lazybones/current/bin:/home/japrietov/.sdkman/jbossforge/current/bin:/home/japrietov/.sdkman/jbake/current/bin:/home/japrietov/.sdkman/groovyserv/current/bin:/home/japrietov/.sdkman/groovy/current/bin:/home/japrietov/.sdkman/griffon/current/bin:/home/japrietov/.sdkman/grails/current/bin:/home/japrietov/.sdkman/gradle/current/bin:/home/japrietov/.sdkman/glide/current/bin:/home/japrietov/.sdkman/gaiden/current/bin:/home/japrietov/.sdkman/crash/current/bin:/home/japrietov/.sdkman/asciidoctorj/current/bin:/usr/local/sbin:/usr/local/bin:/usr/sbin:/usr/bin:/sbin:/bin:/usr/games:/usr/local/games:/usr/lib/jvm/java-8-oracle/bin:/usr/lib/jvm/java-8-oracle/db/bin:/usr/lib/jvm/java-8-oracle/jre/bin
LD_LIBRARY_PATH=/home/japrietov/Universidad/Ingesoft II/idea-IU-141.1532.4/bin:
SHELL=/bin/bash
DISPLAY=:0

Signal Handlers:
SIGSEGV: [libjvm.so+0x94bab0], sa_mask[0]=0x7ffbfeff, sa_flags=0x10000004
SIGBUS: [libjvm.so+0x94bab0], sa_mask[0]=0x7ffbfeff, sa_flags=0x10000004
SIGFPE: [libjvm.so+0x7c38b0], sa_mask[0]=0x7ffbfeff, sa_flags=0x10000004
SIGPIPE: [libjvm.so+0x7c38b0], sa_mask[0]=0x7ffbfeff, sa_flags=0x10000004
SIGXFSZ: [libjvm.so+0x7c38b0], sa_mask[0]=0x7ffbfeff, sa_flags=0x10000004
SIGILL: [libjvm.so+0x7c38b0], sa_mask[0]=0x7ffbfeff, sa_flags=0x10000004
SIGUSR1: SIG_DFL, sa_mask[0]=0x00000000, sa_flags=0x00000000
SIGUSR2: [libjvm.so+0x7c3750], sa_mask[0]=0x00000004, sa_flags=0x10000004
SIGHUP: SIG_DFL, sa_mask[0]=0x00000000, sa_flags=0x00000000
SIGINT: SIG_DFL, sa_mask[0]=0x00000000, sa_flags=0x00000000
SIGTERM: SIG_DFL, sa_mask[0]=0x00000000, sa_flags=0x00000000
SIGQUIT: SIG_DFL, sa_mask[0]=0x00000000, sa_flags=0x00000000
SIGTRAP: SIG_DFL, sa_mask[0]=0x00000000, sa_flags=0x00000000


---------------  S Y S T E M  ---------------

OS:Ubuntu 14.04 (trusty)
uname:Linux 3.19.0-30-generic #34~14.04.1-Ubuntu SMP Fri Oct 2 22:09:39 UTC 2015 x86_64
libc:glibc 2.19 NPTL 2.19 
rlimit: STACK 8192k, CORE 0k, NPROC 11483, NOFILE 4096, AS infinity
load average:2.25 1.75 1.21

/proc/meminfo:
MemTotal:        2961028 kB
MemFree:          103108 kB
MemAvailable:      83960 kB
Buffers:            7652 kB
Cached:           474600 kB
SwapCached:            0 kB
Active:          2348588 kB
Inactive:         381444 kB
Active(anon):    2292420 kB
Inactive(anon):   336364 kB
Active(file):      56168 kB
Inactive(file):    45080 kB
Unevictable:          32 kB
Mlocked:              32 kB
SwapTotal:             0 kB
SwapFree:              0 kB
Dirty:               208 kB
Writeback:             0 kB
AnonPages:       2248040 kB
Mapped:           146180 kB
Shmem:            380856 kB
Slab:              57348 kB
SReclaimable:      29384 kB
SUnreclaim:        27964 kB
KernelStack:        8528 kB
PageTables:        32124 kB
NFS_Unstable:          0 kB
Bounce:                0 kB
WritebackTmp:          0 kB
CommitLimit:     1480512 kB
Committed_AS:    5524588 kB
VmallocTotal:   34359738367 kB
VmallocUsed:      544640 kB
VmallocChunk:   34359184348 kB
HardwareCorrupted:     0 kB
AnonHugePages:   1071104 kB
CmaTotal:              0 kB
CmaFree:               0 kB
HugePages_Total:       0
HugePages_Free:        0
HugePages_Rsvd:        0
HugePages_Surp:        0
Hugepagesize:       2048 kB
DirectMap4k:       88320 kB
DirectMap2M:     3004416 kB


CPU:total 4 (2 cores per cpu, 2 threads per core) family 6 model 42 stepping 7, cmov, cx8, fxsr, mmx, sse, sse2, sse3, ssse3, sse4.1, sse4.2, popcnt, avx, ht, tsc, tscinvbit

/proc/cpuinfo:
processor	: 0
vendor_id	: GenuineIntel
cpu family	: 6
model		: 42
model name	: Intel(R) Core(TM) i3-2310M CPU @ 2.10GHz
stepping	: 7
microcode	: 0x1a
cpu MHz		: 885.773
cache size	: 3072 KB
physical id	: 0
siblings	: 4
core id		: 0
cpu cores	: 2
apicid		: 0
initial apicid	: 0
fpu		: yes
fpu_exception	: yes
cpuid level	: 13
wp		: yes
flags		: fpu vme de pse tsc msr pae mce cx8 apic sep mtrr pge mca cmov pat pse36 clflush dts acpi mmx fxsr sse sse2 ss ht tm pbe syscall nx rdtscp lm constant_tsc arch_perfmon pebs bts rep_good nopl xtopology nonstop_tsc aperfmperf eagerfpu pni pclmulqdq dtes64 monitor ds_cpl vmx est tm2 ssse3 cx16 xtpr pdcm pcid sse4_1 sse4_2 x2apic popcnt tsc_deadline_timer xsave avx lahf_lm arat epb pln pts dtherm tpr_shadow vnmi flexpriority ept vpid xsaveopt
bugs		:
bogomips	: 4190.60
clflush size	: 64
cache_alignment	: 64
address sizes	: 36 bits physical, 48 bits virtual
power management:

processor	: 1
vendor_id	: GenuineIntel
cpu family	: 6
model		: 42
model name	: Intel(R) Core(TM) i3-2310M CPU @ 2.10GHz
stepping	: 7
microcode	: 0x1a
cpu MHz		: 899.390
cache size	: 3072 KB
physical id	: 0
siblings	: 4
core id		: 0
cpu cores	: 2
apicid		: 1
initial apicid	: 1
fpu		: yes
fpu_exception	: yes
cpuid level	: 13
wp		: yes
flags		: fpu vme de pse tsc msr pae mce cx8 apic sep mtrr pge mca cmov pat pse36 clflush dts acpi mmx fxsr sse sse2 ss ht tm pbe syscall nx rdtscp lm constant_tsc arch_perfmon pebs bts rep_good nopl xtopology nonstop_tsc aperfmperf eagerfpu pni pclmulqdq dtes64 monitor ds_cpl vmx est tm2 ssse3 cx16 xtpr pdcm pcid sse4_1 sse4_2 x2apic popcnt tsc_deadline_timer xsave avx lahf_lm arat epb pln pts dtherm tpr_shadow vnmi flexpriority ept vpid xsaveopt
bugs		:
bogomips	: 4190.60
clflush size	: 64
cache_alignment	: 64
address sizes	: 36 bits physical, 48 bits virtual
power management:

processor	: 2
vendor_id	: GenuineIntel
cpu family	: 6
model		: 42
model name	: Intel(R) Core(TM) i3-2310M CPU @ 2.10GHz
stepping	: 7
microcode	: 0x1a
cpu MHz		: 851.484
cache size	: 3072 KB
physical id	: 0
siblings	: 4
core id		: 1
cpu cores	: 2
apicid		: 2
initial apicid	: 2
fpu		: yes
fpu_exception	: yes
cpuid level	: 13
wp		: yes
flags		: fpu vme de pse tsc msr pae mce cx8 apic sep mtrr pge mca cmov pat pse36 clflush dts acpi mmx fxsr sse sse2 ss ht tm pbe syscall nx rdtscp lm constant_tsc arch_perfmon pebs bts rep_good nopl xtopology nonstop_tsc aperfmperf eagerfpu pni pclmulqdq dtes64 monitor ds_cpl vmx est tm2 ssse3 cx16 xtpr pdcm pcid sse4_1 sse4_2 x2apic popcnt tsc_deadline_timer xsave avx lahf_lm arat epb pln pts dtherm tpr_shadow vnmi flexpriority ept vpid xsaveopt
bugs		:
bogomips	: 4190.60
clflush size	: 64
cache_alignment	: 64
address sizes	: 36 bits physical, 48 bits virtual
power management:

processor	: 3
vendor_id	: GenuineIntel
cpu family	: 6
model		: 42
model name	: Intel(R) Core(TM) i3-2310M CPU @ 2.10GHz
stepping	: 7
microcode	: 0x1a
cpu MHz		: 866.824
cache size	: 3072 KB
physical id	: 0
siblings	: 4
core id		: 1
cpu cores	: 2
apicid		: 3
initial apicid	: 3
fpu		: yes
fpu_exception	: yes
cpuid level	: 13
wp		: yes
flags		: fpu vme de pse tsc msr pae mce cx8 apic sep mtrr pge mca cmov pat pse36 clflush dts acpi mmx fxsr sse sse2 ss ht tm pbe syscall nx rdtscp lm constant_tsc arch_perfmon pebs bts rep_good nopl xtopology nonstop_tsc aperfmperf eagerfpu pni pclmulqdq dtes64 monitor ds_cpl vmx est tm2 ssse3 cx16 xtpr pdcm pcid sse4_1 sse4_2 x2apic popcnt tsc_deadline_timer xsave avx lahf_lm arat epb pln pts dtherm tpr_shadow vnmi flexpriority ept vpid xsaveopt
bugs		:
bogomips	: 4190.60
clflush size	: 64
cache_alignment	: 64
address sizes	: 36 bits physical, 48 bits virtual
power management:



Memory: 4k page, physical 2961028k(103108k free), swap 0k(0k free)

vm_info: OpenJDK 64-Bit Server VM (24.79-b02) for linux-amd64 JRE (1.7.0_79-b14), built on Jul 24 2015 08:15:54 by "buildd" with gcc 4.8.2

time: Fri Oct 16 17:48:02 2015
elapsed time: 0 seconds

