#
# There is insufficient memory for the Java Runtime Environment to continue.
# Native memory allocation (malloc) failed to allocate 268435456 bytes for committing reserved memory.
# Possible reasons:
#   The system is out of physical RAM or swap space
#   In 32 bit mode, the process size limit was hit
# Possible solutions:
#   Reduce memory load on the system
#   Increase physical memory or swap space
#   Check if swap backing store is full
#   Use 64 bit Java on a 64 bit OS
#   Decrease Java heap size (-Xmx/-Xms)
#   Decrease number of Java threads
#   Decrease Java thread stack sizes (-Xss)
#   Set larger code cache with -XX:ReservedCodeCacheSize=
# This output file may be truncated or incomplete.
#
#  Out of Memory Error (os_linux.cpp:2809), pid=3771, tid=140706538866432
#
# JRE version:  (7.0_79-b14) (build )
# Java VM: OpenJDK 64-Bit Server VM (24.79-b02 mixed mode linux-amd64 compressed oops)
# Derivative: IcedTea 2.5.6
# Distribution: Ubuntu 14.04 LTS, package 7u79-2.5.6-0ubuntu1.14.04.1
# Failed to write core dump. Core dumps have been disabled. To enable core dumping, try "ulimit -c unlimited" before starting Java again
#

---------------  T H R E A D  ---------------

Current thread (0x00007ff8c400a800):  JavaThread "Unknown thread" [_thread_in_vm, id=3773, stack(0x00007ff8cb344000,0x00007ff8cb445000)]

Stack: [0x00007ff8cb344000,0x00007ff8cb445000],  sp=0x00007ff8cb4434b0,  free space=1021k
Native frames: (J=compiled Java code, j=interpreted, Vv=VM code, C=native code)
V  [libjvm.so+0x94afd5]  VMError::report_and_die()+0x175
V  [libjvm.so+0x48b9f4]  report_vm_out_of_memory(char const*, int, unsigned long, char const*)+0x74
V  [libjvm.so+0x7c809b]  os::pd_commit_memory(char*, unsigned long, unsigned long, bool)+0xeb
V  [libjvm.so+0x7c2b3f]  os::commit_memory(char*, unsigned long, unsigned long, bool)+0x1f
V  [libjvm.so+0x83503b]  PSVirtualSpace::expand_by(unsigned long)+0x5b
V  [libjvm.so+0x835dab]  PSYoungGen::initialize_virtual_space(ReservedSpace, unsigned long)+0xbb
V  [libjvm.so+0x836480]  PSYoungGen::initialize(ReservedSpace, unsigned long)+0x50
V  [libjvm.so+0x2a5792]  AdjoiningGenerations::AdjoiningGenerations(ReservedSpace, unsigned long, unsigned long, unsigned long, unsigned long, unsigned long, unsigned long, unsigned long)+0x342
V  [libjvm.so+0x7e8590]  ParallelScavengeHeap::initialize()+0x5b0
V  [libjvm.so+0x91ba47]  Universe::initialize_heap()+0xc7
V  [libjvm.so+0x91bd77]  universe_init()+0x67
V  [libjvm.so+0x59d2d5]  init_globals()+0x55
V  [libjvm.so+0x8fe75f]  Threads::create_vm(JavaVMInitArgs*, bool*)+0x35f
V  [libjvm.so+0x608654]  JNI_CreateJavaVM+0x54
C  [libjli.so+0x2b48]


---------------  P R O C E S S  ---------------

Java Threads: ( => current thread )

Other Threads:

=>0x00007ff8c400a800 (exited) JavaThread "Unknown thread" [_thread_in_vm, id=3773, stack(0x00007ff8cb344000,0x00007ff8cb445000)]

VM state:not at safepoint (not fully initialized)

VM Mutex/Monitor currently owned by a thread: None

GC Heap History (0 events):
No events

Deoptimization events (0 events):
No events

Internal exceptions (0 events):
No events

Events (0 events):
No events


Dynamic libraries:
00400000-00401000 r-xp 00000000 08:06 3540811                            /usr/lib/jvm/java-7-openjdk-amd64/jre/bin/java
00600000-00601000 r--p 00000000 08:06 3540811                            /usr/lib/jvm/java-7-openjdk-amd64/jre/bin/java
00601000-00602000 rw-p 00001000 08:06 3540811                            /usr/lib/jvm/java-7-openjdk-amd64/jre/bin/java
011a7000-011c8000 rw-p 00000000 00:00 0                                  [heap]
c0000000-f0000000 rw-p 00000000 00:00 0 
7ff8c0a95000-7ff8c0bf6000 rw-p 00000000 00:00 0 
7ff8c0bf6000-7ff8c0df6000 rw-p 00000000 00:00 0 
7ff8c0df6000-7ff8c0df7000 rw-p 00000000 00:00 0 
7ff8c0df7000-7ff8c1067000 rwxp 00000000 00:00 0 
7ff8c1067000-7ff8c3df7000 rw-p 00000000 00:00 0 
7ff8c3df7000-7ff8c3dff000 r-xp 00000000 08:06 3540710                    /usr/lib/jvm/java-7-openjdk-amd64/jre/lib/amd64/libzip.so
7ff8c3dff000-7ff8c3ffe000 ---p 00008000 08:06 3540710                    /usr/lib/jvm/java-7-openjdk-amd64/jre/lib/amd64/libzip.so
7ff8c3ffe000-7ff8c3fff000 r--p 00007000 08:06 3540710                    /usr/lib/jvm/java-7-openjdk-amd64/jre/lib/amd64/libzip.so
7ff8c3fff000-7ff8c4000000 rw-p 00008000 08:06 3540710                    /usr/lib/jvm/java-7-openjdk-amd64/jre/lib/amd64/libzip.so
7ff8c4000000-7ff8c4023000 rw-p 00000000 00:00 0 
7ff8c4023000-7ff8c8000000 ---p 00000000 00:00 0 
7ff8c80b5000-7ff8c818e000 rw-p 00000000 00:00 0 
7ff8c818e000-7ff8c8199000 r-xp 00000000 08:06 1708399                    /lib/x86_64-linux-gnu/libnss_files-2.19.so
7ff8c8199000-7ff8c8398000 ---p 0000b000 08:06 1708399                    /lib/x86_64-linux-gnu/libnss_files-2.19.so
7ff8c8398000-7ff8c8399000 r--p 0000a000 08:06 1708399                    /lib/x86_64-linux-gnu/libnss_files-2.19.so
7ff8c8399000-7ff8c839a000 rw-p 0000b000 08:06 1708399                    /lib/x86_64-linux-gnu/libnss_files-2.19.so
7ff8c839a000-7ff8c83a5000 r-xp 00000000 08:06 1708409                    /lib/x86_64-linux-gnu/libnss_nis-2.19.so
7ff8c83a5000-7ff8c85a4000 ---p 0000b000 08:06 1708409                    /lib/x86_64-linux-gnu/libnss_nis-2.19.so
7ff8c85a4000-7ff8c85a5000 r--p 0000a000 08:06 1708409                    /lib/x86_64-linux-gnu/libnss_nis-2.19.so
7ff8c85a5000-7ff8c85a6000 rw-p 0000b000 08:06 1708409                    /lib/x86_64-linux-gnu/libnss_nis-2.19.so
7ff8c85a6000-7ff8c85bd000 r-xp 00000000 08:06 1708393                    /lib/x86_64-linux-gnu/libnsl-2.19.so
7ff8c85bd000-7ff8c87bc000 ---p 00017000 08:06 1708393                    /lib/x86_64-linux-gnu/libnsl-2.19.so
7ff8c87bc000-7ff8c87bd000 r--p 00016000 08:06 1708393                    /lib/x86_64-linux-gnu/libnsl-2.19.so
7ff8c87bd000-7ff8c87be000 rw-p 00017000 08:06 1708393                    /lib/x86_64-linux-gnu/libnsl-2.19.so
7ff8c87be000-7ff8c87c0000 rw-p 00000000 00:00 0 
7ff8c87c0000-7ff8c87c9000 r-xp 00000000 08:06 1708395                    /lib/x86_64-linux-gnu/libnss_compat-2.19.so
7ff8c87c9000-7ff8c89c8000 ---p 00009000 08:06 1708395                    /lib/x86_64-linux-gnu/libnss_compat-2.19.so
7ff8c89c8000-7ff8c89c9000 r--p 00008000 08:06 1708395                    /lib/x86_64-linux-gnu/libnss_compat-2.19.so
7ff8c89c9000-7ff8c89ca000 rw-p 00009000 08:06 1708395                    /lib/x86_64-linux-gnu/libnss_compat-2.19.so
7ff8c89ca000-7ff8c89f5000 r-xp 00000000 08:06 3540769                    /usr/lib/jvm/java-7-openjdk-amd64/jre/lib/amd64/libjava.so
7ff8c89f5000-7ff8c8bf4000 ---p 0002b000 08:06 3540769                    /usr/lib/jvm/java-7-openjdk-amd64/jre/lib/amd64/libjava.so
7ff8c8bf4000-7ff8c8bf5000 r--p 0002a000 08:06 3540769                    /usr/lib/jvm/java-7-openjdk-amd64/jre/lib/amd64/libjava.so
7ff8c8bf5000-7ff8c8bf7000 rw-p 0002b000 08:06 3540769                    /usr/lib/jvm/java-7-openjdk-amd64/jre/lib/amd64/libjava.so
7ff8c8bf7000-7ff8c8c07000 r-xp 00000000 08:06 3540750                    /usr/lib/jvm/java-7-openjdk-amd64/jre/lib/amd64/libverify.so
7ff8c8c07000-7ff8c8e06000 ---p 00010000 08:06 3540750                    /usr/lib/jvm/java-7-openjdk-amd64/jre/lib/amd64/libverify.so
7ff8c8e06000-7ff8c8e08000 r--p 0000f000 08:06 3540750                    /usr/lib/jvm/java-7-openjdk-amd64/jre/lib/amd64/libverify.so
7ff8c8e08000-7ff8c8e09000 rw-p 00011000 08:06 3540750                    /usr/lib/jvm/java-7-openjdk-amd64/jre/lib/amd64/libverify.so
7ff8c8e09000-7ff8c8e10000 r-xp 00000000 08:06 1708452                    /lib/x86_64-linux-gnu/librt-2.19.so
7ff8c8e10000-7ff8c900f000 ---p 00007000 08:06 1708452                    /lib/x86_64-linux-gnu/librt-2.19.so
7ff8c900f000-7ff8c9010000 r--p 00006000 08:06 1708452                    /lib/x86_64-linux-gnu/librt-2.19.so
7ff8c9010000-7ff8c9011000 rw-p 00007000 08:06 1708452                    /lib/x86_64-linux-gnu/librt-2.19.so
7ff8c9011000-7ff8c9027000 r-xp 00000000 08:06 1708351                    /lib/x86_64-linux-gnu/libgcc_s.so.1
7ff8c9027000-7ff8c9226000 ---p 00016000 08:06 1708351                    /lib/x86_64-linux-gnu/libgcc_s.so.1
7ff8c9226000-7ff8c9227000 rw-p 00015000 08:06 1708351                    /lib/x86_64-linux-gnu/libgcc_s.so.1
7ff8c9227000-7ff8c932c000 r-xp 00000000 08:06 1708374                    /lib/x86_64-linux-gnu/libm-2.19.so
7ff8c932c000-7ff8c952b000 ---p 00105000 08:06 1708374                    /lib/x86_64-linux-gnu/libm-2.19.so
7ff8c952b000-7ff8c952c000 r--p 00104000 08:06 1708374                    /lib/x86_64-linux-gnu/libm-2.19.so
7ff8c952c000-7ff8c952d000 rw-p 00105000 08:06 1708374                    /lib/x86_64-linux-gnu/libm-2.19.so
7ff8c952d000-7ff8c9613000 r-xp 00000000 08:06 3548440                    /usr/lib/x86_64-linux-gnu/libstdc++.so.6.0.19
7ff8c9613000-7ff8c9812000 ---p 000e6000 08:06 3548440                    /usr/lib/x86_64-linux-gnu/libstdc++.so.6.0.19
7ff8c9812000-7ff8c981a000 r--p 000e5000 08:06 3548440                    /usr/lib/x86_64-linux-gnu/libstdc++.so.6.0.19
7ff8c981a000-7ff8c981c000 rw-p 000ed000 08:06 3548440                    /usr/lib/x86_64-linux-gnu/libstdc++.so.6.0.19
7ff8c981c000-7ff8c9831000 rw-p 00000000 00:00 0 
7ff8c9831000-7ff8ca34a000 r-xp 00000000 08:06 3540738                    /usr/lib/jvm/java-7-openjdk-amd64/jre/lib/amd64/server/libjvm.so
7ff8ca34a000-7ff8ca54a000 ---p 00b19000 08:06 3540738                    /usr/lib/jvm/java-7-openjdk-amd64/jre/lib/amd64/server/libjvm.so
7ff8ca54a000-7ff8ca5e4000 r--p 00b19000 08:06 3540738                    /usr/lib/jvm/java-7-openjdk-amd64/jre/lib/amd64/server/libjvm.so
7ff8ca5e4000-7ff8ca607000 rw-p 00bb3000 08:06 3540738                    /usr/lib/jvm/java-7-openjdk-amd64/jre/lib/amd64/server/libjvm.so
7ff8ca607000-7ff8ca635000 rw-p 00000000 00:00 0 
7ff8ca635000-7ff8ca64d000 r-xp 00000000 08:06 1708487                    /lib/x86_64-linux-gnu/libz.so.1.2.8
7ff8ca64d000-7ff8ca84c000 ---p 00018000 08:06 1708487                    /lib/x86_64-linux-gnu/libz.so.1.2.8
7ff8ca84c000-7ff8ca84d000 r--p 00017000 08:06 1708487                    /lib/x86_64-linux-gnu/libz.so.1.2.8
7ff8ca84d000-7ff8ca84e000 rw-p 00018000 08:06 1708487                    /lib/x86_64-linux-gnu/libz.so.1.2.8
7ff8ca84e000-7ff8ca867000 r-xp 00000000 08:06 1708444                    /lib/x86_64-linux-gnu/libpthread-2.19.so
7ff8ca867000-7ff8caa66000 ---p 00019000 08:06 1708444                    /lib/x86_64-linux-gnu/libpthread-2.19.so
7ff8caa66000-7ff8caa67000 r--p 00018000 08:06 1708444                    /lib/x86_64-linux-gnu/libpthread-2.19.so
7ff8caa67000-7ff8caa68000 rw-p 00019000 08:06 1708444                    /lib/x86_64-linux-gnu/libpthread-2.19.so
7ff8caa68000-7ff8caa6c000 rw-p 00000000 00:00 0 
7ff8caa6c000-7ff8caa6f000 r-xp 00000000 08:06 1708341                    /lib/x86_64-linux-gnu/libdl-2.19.so
7ff8caa6f000-7ff8cac6e000 ---p 00003000 08:06 1708341                    /lib/x86_64-linux-gnu/libdl-2.19.so
7ff8cac6e000-7ff8cac6f000 r--p 00002000 08:06 1708341                    /lib/x86_64-linux-gnu/libdl-2.19.so
7ff8cac6f000-7ff8cac70000 rw-p 00003000 08:06 1708341                    /lib/x86_64-linux-gnu/libdl-2.19.so
7ff8cac70000-7ff8cae2b000 r-xp 00000000 08:06 1708324                    /lib/x86_64-linux-gnu/libc-2.19.so
7ff8cae2b000-7ff8cb02a000 ---p 001bb000 08:06 1708324                    /lib/x86_64-linux-gnu/libc-2.19.so
7ff8cb02a000-7ff8cb02e000 r--p 001ba000 08:06 1708324                    /lib/x86_64-linux-gnu/libc-2.19.so
7ff8cb02e000-7ff8cb030000 rw-p 001be000 08:06 1708324                    /lib/x86_64-linux-gnu/libc-2.19.so
7ff8cb030000-7ff8cb035000 rw-p 00000000 00:00 0 
7ff8cb035000-7ff8cb042000 r-xp 00000000 08:06 3540713                    /usr/lib/jvm/java-7-openjdk-amd64/jre/lib/amd64/jli/libjli.so
7ff8cb042000-7ff8cb241000 ---p 0000d000 08:06 3540713                    /usr/lib/jvm/java-7-openjdk-amd64/jre/lib/amd64/jli/libjli.so
7ff8cb241000-7ff8cb242000 r--p 0000c000 08:06 3540713                    /usr/lib/jvm/java-7-openjdk-amd64/jre/lib/amd64/jli/libjli.so
7ff8cb242000-7ff8cb243000 rw-p 0000d000 08:06 3540713                    /usr/lib/jvm/java-7-openjdk-amd64/jre/lib/amd64/jli/libjli.so
7ff8cb243000-7ff8cb266000 r-xp 00000000 08:06 1708300                    /lib/x86_64-linux-gnu/ld-2.19.so
7ff8cb284000-7ff8cb28e000 rw-p 00000000 00:00 0 
7ff8cb28e000-7ff8cb344000 rw-p 00000000 00:00 0 
7ff8cb344000-7ff8cb347000 ---p 00000000 00:00 0 
7ff8cb347000-7ff8cb44a000 rw-p 00000000 00:00 0                          [stack:3773]
7ff8cb457000-7ff8cb459000 rw-p 00000000 00:00 0 
7ff8cb459000-7ff8cb461000 rw-s 00000000 08:06 3409595                    /tmp/hsperfdata_japrietov/3771
7ff8cb461000-7ff8cb462000 rw-p 00000000 00:00 0 
7ff8cb462000-7ff8cb463000 r--p 00000000 00:00 0 
7ff8cb463000-7ff8cb465000 rw-p 00000000 00:00 0 
7ff8cb465000-7ff8cb466000 r--p 00022000 08:06 1708300                    /lib/x86_64-linux-gnu/ld-2.19.so
7ff8cb466000-7ff8cb467000 rw-p 00023000 08:06 1708300                    /lib/x86_64-linux-gnu/ld-2.19.so
7ff8cb467000-7ff8cb468000 rw-p 00000000 00:00 0 
7ffdb2cfa000-7ffdb2d1c000 rw-p 00000000 00:00 0                          [stack]
7ffdb2df0000-7ffdb2df2000 r--p 00000000 00:00 0                          [vvar]
7ffdb2df2000-7ffdb2df4000 r-xp 00000000 00:00 0                          [vdso]
ffffffffff600000-ffffffffff601000 r-xp 00000000 00:00 0                  [vsyscall]

VM Arguments:
jvm_args: -Dgrails.home=/home/japrietov/Universidad/Ingesoft II/grails-2.4.0 -Dbase.dir=/home/japrietov/Universidad/Ingesoft II/Projects/qweqq -Dtools.jar=/usr/lib/jvm/java-7-openjdk-amd64/lib/tools.jar -Dgroovy.starter.conf=/home/japrietov/Universidad/Ingesoft II/grails-2.4.0/conf/groovy-starter.conf -Xmx768M -Xms768M -XX:MaxPermSize=256m -XX:PermSize=256m -Dfile.encoding=UTF-8 
java_command: org.codehaus.groovy.grails.cli.support.GrailsStarter --main org.codehaus.groovy.grails.cli.GrailsScriptRunner --conf /home/japrietov/Universidad/Ingesoft II/grails-2.4.0/conf/groovy-starter.conf create-domain-class -plain-output
Launcher Type: SUN_STANDARD

Environment Variables:
JAVA_HOME=/usr/lib/jvm/java-7-openjdk-amd64
PATH=/home/japrietov/.sdkman/vertx/current/bin:/home/japrietov/.sdkman/springboot/current/bin:/home/japrietov/.sdkman/lazybones/current/bin:/home/japrietov/.sdkman/jbossforge/current/bin:/home/japrietov/.sdkman/jbake/current/bin:/home/japrietov/.sdkman/groovyserv/current/bin:/home/japrietov/.sdkman/groovy/current/bin:/home/japrietov/.sdkman/griffon/current/bin:/home/japrietov/.sdkman/grails/current/bin:/home/japrietov/.sdkman/gradle/current/bin:/home/japrietov/.sdkman/glide/current/bin:/home/japrietov/.sdkman/gaiden/current/bin:/home/japrietov/.sdkman/crash/current/bin:/home/japrietov/.sdkman/asciidoctorj/current/bin:/usr/local/sbin:/usr/local/bin:/usr/sbin:/usr/bin:/sbin:/bin:/usr/games:/usr/local/games:/usr/lib/jvm/java-8-oracle/bin:/usr/lib/jvm/java-8-oracle/db/bin:/usr/lib/jvm/java-8-oracle/jre/bin
LD_LIBRARY_PATH=/home/japrietov/Universidad/Ingesoft II/idea-IU-141.1532.4/bin:
SHELL=/bin/bash
DISPLAY=:0

Signal Handlers:
SIGSEGV: [libjvm.so+0x94bab0], sa_mask[0]=0x7ffbfeff, sa_flags=0x10000004
SIGBUS: [libjvm.so+0x94bab0], sa_mask[0]=0x7ffbfeff, sa_flags=0x10000004
SIGFPE: [libjvm.so+0x7c38b0], sa_mask[0]=0x7ffbfeff, sa_flags=0x10000004
SIGPIPE: [libjvm.so+0x7c38b0], sa_mask[0]=0x7ffbfeff, sa_flags=0x10000004
SIGXFSZ: [libjvm.so+0x7c38b0], sa_mask[0]=0x7ffbfeff, sa_flags=0x10000004
SIGILL: [libjvm.so+0x7c38b0], sa_mask[0]=0x7ffbfeff, sa_flags=0x10000004
SIGUSR1: SIG_DFL, sa_mask[0]=0x00000000, sa_flags=0x00000000
SIGUSR2: [libjvm.so+0x7c3750], sa_mask[0]=0x00000004, sa_flags=0x10000004
SIGHUP: SIG_DFL, sa_mask[0]=0x00000000, sa_flags=0x00000000
SIGINT: SIG_DFL, sa_mask[0]=0x00000000, sa_flags=0x00000000
SIGTERM: SIG_DFL, sa_mask[0]=0x00000000, sa_flags=0x00000000
SIGQUIT: SIG_DFL, sa_mask[0]=0x00000000, sa_flags=0x00000000
SIGTRAP: SIG_DFL, sa_mask[0]=0x00000000, sa_flags=0x00000000


---------------  S Y S T E M  ---------------

OS:Ubuntu 14.04 (trusty)
uname:Linux 3.19.0-30-generic #34~14.04.1-Ubuntu SMP Fri Oct 2 22:09:39 UTC 2015 x86_64
libc:glibc 2.19 NPTL 2.19 
rlimit: STACK 8192k, CORE 0k, NPROC 11483, NOFILE 4096, AS infinity
load average:0.72 0.76 0.84

/proc/meminfo:
MemTotal:        2961028 kB
MemFree:          123284 kB
MemAvailable:     139560 kB
Buffers:           17312 kB
Cached:           519588 kB
SwapCached:            0 kB
Active:          2322060 kB
Inactive:         384536 kB
Active(anon):    2214452 kB
Inactive(anon):   322652 kB
Active(file):     107608 kB
Inactive(file):    61884 kB
Unevictable:          32 kB
Mlocked:              32 kB
SwapTotal:             0 kB
SwapFree:              0 kB
Dirty:               704 kB
Writeback:             0 kB
AnonPages:       2169872 kB
Mapped:           153072 kB
Shmem:            367140 kB
Slab:              59212 kB
SReclaimable:      31420 kB
SUnreclaim:        27792 kB
KernelStack:        8496 kB
PageTables:        31472 kB
NFS_Unstable:          0 kB
Bounce:                0 kB
WritebackTmp:          0 kB
CommitLimit:     1480512 kB
Committed_AS:    5380288 kB
VmallocTotal:   34359738367 kB
VmallocUsed:      544640 kB
VmallocChunk:   34359184348 kB
HardwareCorrupted:     0 kB
AnonHugePages:    837632 kB
CmaTotal:              0 kB
CmaFree:               0 kB
HugePages_Total:       0
HugePages_Free:        0
HugePages_Rsvd:        0
HugePages_Surp:        0
Hugepagesize:       2048 kB
DirectMap4k:       88320 kB
DirectMap2M:     3004416 kB


CPU:total 4 (2 cores per cpu, 2 threads per core) family 6 model 42 stepping 7, cmov, cx8, fxsr, mmx, sse, sse2, sse3, ssse3, sse4.1, sse4.2, popcnt, avx, ht, tsc, tscinvbit

/proc/cpuinfo:
processor	: 0
vendor_id	: GenuineIntel
cpu family	: 6
model		: 42
model name	: Intel(R) Core(TM) i3-2310M CPU @ 2.10GHz
stepping	: 7
microcode	: 0x1a
cpu MHz		: 1305.773
cache size	: 3072 KB
physical id	: 0
siblings	: 4
core id		: 0
cpu cores	: 2
apicid		: 0
initial apicid	: 0
fpu		: yes
fpu_exception	: yes
cpuid level	: 13
wp		: yes
flags		: fpu vme de pse tsc msr pae mce cx8 apic sep mtrr pge mca cmov pat pse36 clflush dts acpi mmx fxsr sse sse2 ss ht tm pbe syscall nx rdtscp lm constant_tsc arch_perfmon pebs bts rep_good nopl xtopology nonstop_tsc aperfmperf eagerfpu pni pclmulqdq dtes64 monitor ds_cpl vmx est tm2 ssse3 cx16 xtpr pdcm pcid sse4_1 sse4_2 x2apic popcnt tsc_deadline_timer xsave avx lahf_lm arat epb pln pts dtherm tpr_shadow vnmi flexpriority ept vpid xsaveopt
bugs		:
bogomips	: 4190.60
clflush size	: 64
cache_alignment	: 64
address sizes	: 36 bits physical, 48 bits virtual
power management:

processor	: 1
vendor_id	: GenuineIntel
cpu family	: 6
model		: 42
model name	: Intel(R) Core(TM) i3-2310M CPU @ 2.10GHz
stepping	: 7
microcode	: 0x1a
cpu MHz		: 1191.175
cache size	: 3072 KB
physical id	: 0
siblings	: 4
core id		: 0
cpu cores	: 2
apicid		: 1
initial apicid	: 1
fpu		: yes
fpu_exception	: yes
cpuid level	: 13
wp		: yes
flags		: fpu vme de pse tsc msr pae mce cx8 apic sep mtrr pge mca cmov pat pse36 clflush dts acpi mmx fxsr sse sse2 ss ht tm pbe syscall nx rdtscp lm constant_tsc arch_perfmon pebs bts rep_good nopl xtopology nonstop_tsc aperfmperf eagerfpu pni pclmulqdq dtes64 monitor ds_cpl vmx est tm2 ssse3 cx16 xtpr pdcm pcid sse4_1 sse4_2 x2apic popcnt tsc_deadline_timer xsave avx lahf_lm arat epb pln pts dtherm tpr_shadow vnmi flexpriority ept vpid xsaveopt
bugs		:
bogomips	: 4190.60
clflush size	: 64
cache_alignment	: 64
address sizes	: 36 bits physical, 48 bits virtual
power management:

processor	: 2
vendor_id	: GenuineIntel
cpu family	: 6
model		: 42
model name	: Intel(R) Core(TM) i3-2310M CPU @ 2.10GHz
stepping	: 7
microcode	: 0x1a
cpu MHz		: 940.242
cache size	: 3072 KB
physical id	: 0
siblings	: 4
core id		: 1
cpu cores	: 2
apicid		: 2
initial apicid	: 2
fpu		: yes
fpu_exception	: yes
cpuid level	: 13
wp		: yes
flags		: fpu vme de pse tsc msr pae mce cx8 apic sep mtrr pge mca cmov pat pse36 clflush dts acpi mmx fxsr sse sse2 ss ht tm pbe syscall nx rdtscp lm constant_tsc arch_perfmon pebs bts rep_good nopl xtopology nonstop_tsc aperfmperf eagerfpu pni pclmulqdq dtes64 monitor ds_cpl vmx est tm2 ssse3 cx16 xtpr pdcm pcid sse4_1 sse4_2 x2apic popcnt tsc_deadline_timer xsave avx lahf_lm arat epb pln pts dtherm tpr_shadow vnmi flexpriority ept vpid xsaveopt
bugs		:
bogomips	: 4190.60
clflush size	: 64
cache_alignment	: 64
address sizes	: 36 bits physical, 48 bits virtual
power management:

processor	: 3
vendor_id	: GenuineIntel
cpu family	: 6
model		: 42
model name	: Intel(R) Core(TM) i3-2310M CPU @ 2.10GHz
stepping	: 7
microcode	: 0x1a
cpu MHz		: 943.769
cache size	: 3072 KB
physical id	: 0
siblings	: 4
core id		: 1
cpu cores	: 2
apicid		: 3
initial apicid	: 3
fpu		: yes
fpu_exception	: yes
cpuid level	: 13
wp		: yes
flags		: fpu vme de pse tsc msr pae mce cx8 apic sep mtrr pge mca cmov pat pse36 clflush dts acpi mmx fxsr sse sse2 ss ht tm pbe syscall nx rdtscp lm constant_tsc arch_perfmon pebs bts rep_good nopl xtopology nonstop_tsc aperfmperf eagerfpu pni pclmulqdq dtes64 monitor ds_cpl vmx est tm2 ssse3 cx16 xtpr pdcm pcid sse4_1 sse4_2 x2apic popcnt tsc_deadline_timer xsave avx lahf_lm arat epb pln pts dtherm tpr_shadow vnmi flexpriority ept vpid xsaveopt
bugs		:
bogomips	: 4190.60
clflush size	: 64
cache_alignment	: 64
address sizes	: 36 bits physical, 48 bits virtual
power management:



Memory: 4k page, physical 2961028k(123284k free), swap 0k(0k free)

vm_info: OpenJDK 64-Bit Server VM (24.79-b02) for linux-amd64 JRE (1.7.0_79-b14), built on Jul 24 2015 08:15:54 by "buildd" with gcc 4.8.2

time: Fri Oct 16 17:43:20 2015
elapsed time: 0 seconds

